-- The C compiler identification is GNU 9.4.0
-- The CXX compiler identification is GNU 9.4.0
-- Check for working C compiler: /usr/bin/cc
-- Check for working C compiler: /usr/bin/cc -- works
-- Detecting C compiler ABI info
-- Detecting C compiler ABI info - done
-- Detecting C compile features
-- Detecting C compile features - done
-- Check for working CXX compiler: /usr/bin/c++
-- Check for working CXX compiler: /usr/bin/c++ -- works
-- Detecting CXX compiler ABI info
-- Detecting CXX compiler ABI info - done
-- Detecting CXX compile features
-- Detecting CXX compile features - done
-- Found ament_cmake_auto: 0.9.11 (/opt/ros/foxy/share/ament_cmake_auto/cmake)
-- Found PythonInterp: /usr/bin/python3 (found suitable version "3.8.10", minimum required is "3") 
-- Using PYTHON_EXECUTABLE: /usr/bin/python3
-- Using all available rosidl_typesupport_c: rosidl_typesupport_fastrtps_c;rosidl_typesupport_introspection_c
-- Found rosidl_adapter: 1.3.0 (/opt/ros/foxy/share/rosidl_adapter/cmake)
-- Found OpenSSL: /usr/lib/aarch64-linux-gnu/libcrypto.so (found version "1.1.1f")  
-- Found FastRTPS: /opt/ros/foxy/include  
-- Using all available rosidl_typesupport_cpp: rosidl_typesupport_fastrtps_cpp;rosidl_typesupport_introspection_cpp
-- Found rmw_implementation_cmake: 1.0.3 (/opt/ros/foxy/share/rmw_implementation_cmake/cmake)
-- Using RMW implementation 'rmw_fastrtps_cpp' as default
-- Looking for pthread.h
-- Looking for pthread.h - found
-- Performing Test CMAKE_HAVE_LIBC_PTHREAD
-- Performing Test CMAKE_HAVE_LIBC_PTHREAD - Failed
-- Looking for pthread_create in pthreads
-- Looking for pthread_create in pthreads - not found
-- Looking for pthread_create in pthread
-- Looking for pthread_create in pthread - found
-- Found Threads: TRUE  
-- Found ament_lint_auto: 0.9.7 (/opt/ros/foxy/share/ament_lint_auto/cmake)
-- Found gtest sources under '/opt/ros/foxy/src/gtest_vendor': C++ tests using 'Google Test' will be built
-- Check if compiler accepts -pthread
-- Check if compiler accepts -pthread - yes
-- Added test 'lint_cmake' to check CMake code style
-- Added test 'copyright' to check source files copyright and LICENSE
-- Added test 'cppcheck' to perform static code analysis on C / C++ code
-- Configured cppcheck include dirs: /home/carma/tmp_ws/src/vesc_interface/include
-- Configured cppcheck exclude dirs and/or files: 
-- Added test 'cpplint' to check C / C++ code against the Google style
-- Configured cpplint exclude dirs and/or files: 
-- Added test 'flake8' to check Python code syntax and style conventions
-- Added test 'pep257' to check Python code against some of the style conventions in PEP 257
-- Added test 'uncrustify' to check C / C++ code style
-- Configured uncrustify additional arguments: 
-- Added test 'xmllint' to check XML markup files
-- Configuring done
-- Generating done
-- Build files have been written to: /home/carma/tmp_ws/src/vesc_interface/build/vesc_interface
[35m[1mScanning dependencies of target vesc_interface_node_exe[0m
[35m[1mScanning dependencies of target gtest_main[0m
[35m[1mScanning dependencies of target gtest[0m
[35m[1mScanning dependencies of target vesc_interface[0m
[  8%] [32mBuilding CXX object gtest/CMakeFiles/gtest_main.dir/src/gtest_main.cc.o[0m
[ 16%] [32mBuilding CXX object gtest/CMakeFiles/gtest.dir/src/gtest-all.cc.o[0m
[ 25%] [32mBuilding CXX object CMakeFiles/vesc_interface_node_exe.dir/rclcpp_components/node_main_vesc_interface_node_exe.cpp.o[0m
[ 33%] [32mBuilding CXX object CMakeFiles/vesc_interface.dir/src/vesc_interface.cpp.o[0m
In file included from [01m[K/home/carma/tmp_ws/src/vesc_interface/include/vesc_interface/vesc_interface.hpp:27[m[K,
                 from [01m[K/home/carma/tmp_ws/src/vesc_interface/src/vesc_interface.cpp:15[m[K:
[01m[K/opt/autoware.ai/ros/install_ros2/vehicle_interface/include/vehicle_interface/platform_interface.hpp:22:10:[m[K [01;31m[Kfatal error: [m[Kautoware_auto_msgs/msg/headlights_command.hpp: No such file or directory
   22 | #include [01;31m[K<autoware_auto_msgs/msg/headlights_command.hpp>[m[K
      |          [01;31m[K^~~~~~~~~~~~~~~~~~~~~~~~~~~~~~~~~~~~~~~~~~~~~~~[m[K
compilation terminated.
make[2]: *** [CMakeFiles/vesc_interface.dir/build.make:63: CMakeFiles/vesc_interface.dir/src/vesc_interface.cpp.o] Error 1
make[1]: *** [CMakeFiles/Makefile2:215: CMakeFiles/vesc_interface.dir/all] Error 2
make[1]: *** Waiting for unfinished jobs....
make[2]: *** [CMakeFiles/vesc_interface_node_exe.dir/build.make:63: CMakeFiles/vesc_interface_node_exe.dir/rclcpp_components/node_main_vesc_interface_node_exe.cpp.o] Interrupt
make[1]: *** [CMakeFiles/Makefile2:134: CMakeFiles/vesc_interface_node_exe.dir/all] Interrupt
make[2]: *** [gtest/CMakeFiles/gtest_main.dir/build.make:63: gtest/CMakeFiles/gtest_main.dir/src/gtest_main.cc.o] Interrupt
make[2]: *** [gtest/CMakeFiles/gtest.dir/build.make:63: gtest/CMakeFiles/gtest.dir/src/gtest-all.cc.o] Interrupt
make[1]: *** [CMakeFiles/Makefile2:269: gtest/CMakeFiles/gtest_main.dir/all] Interrupt
make[1]: *** [CMakeFiles/Makefile2:296: gtest/CMakeFiles/gtest.dir/all] Interrupt
make: *** [Makefile:141: all] Interrupt
